\BOOKMARK [0][-]{chapter.1}{\376\377\000H\000i\000s\000t\000o\000r\000y}{}% 1
\BOOKMARK [0][-]{chapter.2}{\376\377\000G\000e\000t\000t\000i\000n\000g\000\040\000S\000t\000a\000r\000t\000e\000d}{}% 2
\BOOKMARK [1][-]{section.2.1}{\376\377\000O\000v\000e\000r\000v\000i\000e\000w}{chapter.2}% 3
\BOOKMARK [2][-]{subsection.2.1.1}{\376\377\000R\000e\000q\000u\000e\000s\000t\000\040\000a\000\040\000s\000i\000m\000u\000l\000a\000t\000i\000o\000n}{section.2.1}% 4
\BOOKMARK [3][-]{subsubsection.2.1.1.1}{\376\377\000S\000i\000m\000R\000e\000q\000u\000e\000s\000t}{subsection.2.1.1}% 5
\BOOKMARK [3][-]{subsubsection.2.1.1.2}{\376\377\000S\000i\000m\000I\000d\000R\000e\000s\000p\000o\000n\000s\000e}{subsection.2.1.1}% 6
\BOOKMARK [2][-]{subsection.2.1.2}{\376\377\000R\000e\000q\000u\000e\000s\000t\000\040\000S\000i\000m\000u\000l\000a\000t\000i\000o\000n\000\040\000S\000t\000a\000t\000u\000s}{section.2.1}% 7
\BOOKMARK [3][-]{subsubsection.2.1.2.1}{\376\377\000S\000i\000m\000S\000t\000a\000t\000u\000s}{subsection.2.1.2}% 8
\BOOKMARK [2][-]{subsection.2.1.3}{\376\377\000R\000e\000q\000u\000e\000s\000t\000\040\000R\000e\000s\000u\000l\000t\000s}{section.2.1}% 9
\BOOKMARK [1][-]{section.2.2}{\376\377\000I\000n\000s\000t\000a\000l\000l\000\040\000a\000n\000d\000\040\000r\000u\000n\000\040\000P\000H\000Y\000S\000\040\000S\000i\000m\000u\000l\000a\000t\000i\000o\000n}{chapter.2}% 10
\BOOKMARK [1][-]{section.2.3}{\376\377\000E\000x\000a\000m\000p\000l\000e\000s}{chapter.2}% 11
\BOOKMARK [2][-]{subsection.2.3.1}{\376\377\0001\000.\000\040\000R\000e\000q\000u\000e\000s\000t\000\040\000S\000i\000m\000u\000l\000a\000t\000i\000o\000n}{section.2.3}% 12
\BOOKMARK [2][-]{subsection.2.3.2}{\376\377\0002\000.\000\040\000R\000e\000q\000u\000e\000s\000t\000\040\000S\000i\000m\000u\000l\000a\000t\000i\000o\000n\000\040\000S\000t\000a\000t\000u\000s}{section.2.3}% 13
\BOOKMARK [2][-]{subsection.2.3.3}{\376\377\0003\000.\000\040\000R\000e\000q\000u\000e\000s\000t\000\040\000S\000i\000m\000u\000l\000a\000t\000i\000o\000n\000\040\000R\000e\000s\000u\000l\000t\000s}{section.2.3}% 14
\BOOKMARK [1][-]{section.2.4}{\376\377\000W\000e\000b\000s\000i\000t\000e}{chapter.2}% 15
\BOOKMARK [0][-]{chapter.3}{\376\377\000F\000o\000r\000\040\000D\000e\000v\000e\000l\000o\000p\000e\000r\000s}{}% 16
\BOOKMARK [1][-]{section.3.1}{\376\377\000T\000h\000e\000\040\000C\000o\000d\000e}{chapter.3}% 17
\BOOKMARK [2][-]{subsection.3.1.1}{\376\377\000s\000i\000m\000u\000l\000a\000t\000i\000o\000n\000\137\000a\000p\000i\000\040\000P\000a\000c\000k\000a\000g\000e}{section.3.1}% 18
\BOOKMARK [3][-]{subsubsection.3.1.1.1}{\376\377\000P\000a\000c\000k\000a\000g\000e\000\040\000c\000o\000n\000t\000e\000n\000t\000s}{subsection.3.1.1}% 19
\BOOKMARK [3][-]{subsubsection.3.1.1.2}{\376\377\000S\000u\000b\000p\000a\000c\000k\000a\000g\000e\000s}{subsection.3.1.1}% 20
\BOOKMARK [4][-]{paragraph.3.1.1.2.1}{\376\377\000s\000i\000m\000u\000l\000a\000t\000i\000o\000n\000\137\000a\000p\000i\000.\000c\000o\000n\000t\000r\000o\000l\000l\000e\000r}{subsubsection.3.1.1.2}% 21
\BOOKMARK [5][-]{subparagraph.3.1.1.2.1.1}{\376\377\000P\000a\000c\000k\000a\000g\000e\000\040\000c\000o\000n\000t\000e\000n\000t\000s}{paragraph.3.1.1.2.1}% 22
\BOOKMARK [5][-]{subparagraph.3.1.1.2.1.2}{\376\377\000S\000u\000b\000m\000o\000d\000u\000l\000e\000s}{paragraph.3.1.1.2.1}% 23
\BOOKMARK [5][-]{subparagraph.3.1.1.2.1.3}{\376\377\000s\000i\000m\000u\000l\000a\000t\000i\000o\000n\000\137\000a\000p\000i\000.\000c\000o\000n\000t\000r\000o\000l\000l\000e\000r\000.\000m\000a\000i\000n}{paragraph.3.1.1.2.1}% 24
\BOOKMARK [5][-]{subparagraph.3.1.1.2.1.4}{\376\377\000s\000i\000m\000u\000l\000a\000t\000i\000o\000n\000\137\000a\000p\000i\000.\000c\000o\000n\000t\000r\000o\000l\000l\000e\000r\000.\000s\000c\000h\000e\000m\000a\000s}{paragraph.3.1.1.2.1}% 25
\BOOKMARK [5][-]{subparagraph.3.1.1.2.1.5}{\376\377\000s\000i\000m\000u\000l\000a\000t\000i\000o\000n\000\137\000a\000p\000i\000.\000c\000o\000n\000t\000r\000o\000l\000l\000e\000r\000.\000t\000a\000s\000k\000s}{paragraph.3.1.1.2.1}% 26
\BOOKMARK [4][-]{paragraph.3.1.1.2.2}{\376\377\000s\000i\000m\000u\000l\000a\000t\000i\000o\000n\000\137\000a\000p\000i\000.\000m\000o\000d\000e\000l}{subsubsection.3.1.1.2}% 27
\BOOKMARK [5][-]{subparagraph.3.1.1.2.2.1}{\376\377\000P\000a\000c\000k\000a\000g\000e\000\040\000c\000o\000n\000t\000e\000n\000t\000s}{paragraph.3.1.1.2.2}% 28
\BOOKMARK [5][-]{subparagraph.3.1.1.2.2.2}{\376\377\000S\000u\000b\000m\000o\000d\000u\000l\000e\000s}{paragraph.3.1.1.2.2}% 29
\BOOKMARK [5][-]{subparagraph.3.1.1.2.2.3}{\376\377\000s\000i\000m\000u\000l\000a\000t\000i\000o\000n\000\137\000a\000p\000i\000.\000m\000o\000d\000e\000l\000.\000c\000r\000u\000d}{paragraph.3.1.1.2.2}% 30
\BOOKMARK [5][-]{subparagraph.3.1.1.2.2.4}{\376\377\000s\000i\000m\000u\000l\000a\000t\000i\000o\000n\000\137\000a\000p\000i\000.\000m\000o\000d\000e\000l\000.\000d\000b\000\137\000m\000a\000n\000a\000g\000e\000r}{paragraph.3.1.1.2.2}% 31
\BOOKMARK [5][-]{subparagraph.3.1.1.2.2.5}{\376\377\000s\000i\000m\000u\000l\000a\000t\000i\000o\000n\000\137\000a\000p\000i\000.\000m\000o\000d\000e\000l\000.\000m\000o\000d\000e\000l\000s}{paragraph.3.1.1.2.2}% 32
\BOOKMARK [4][-]{paragraph.3.1.1.2.3}{\376\377\000s\000i\000m\000u\000l\000a\000t\000i\000o\000n\000\137\000a\000p\000i\000.\000s\000i\000m\000u\000l\000a\000t\000i\000o\000n}{subsubsection.3.1.1.2}% 33
\BOOKMARK [5][-]{subparagraph.3.1.1.2.3.1}{\376\377\000P\000a\000c\000k\000a\000g\000e\000\040\000c\000o\000n\000t\000e\000n\000t\000s}{paragraph.3.1.1.2.3}% 34
\BOOKMARK [5][-]{subparagraph.3.1.1.2.3.2}{\376\377\000S\000u\000b\000m\000o\000d\000u\000l\000e\000s}{paragraph.3.1.1.2.3}% 35
\BOOKMARK [5][-]{subparagraph.3.1.1.2.3.3}{\376\377\000s\000i\000m\000u\000l\000a\000t\000i\000o\000n\000\137\000a\000p\000i\000.\000s\000i\000m\000u\000l\000a\000t\000i\000o\000n\000.\000d\000e\000m\000o\000\137\000r\000u\000n\000\137\000s\000i\000m\000u\000l\000a\000t\000i\000o\000n}{paragraph.3.1.1.2.3}% 36
\BOOKMARK [5][-]{subparagraph.3.1.1.2.3.4}{\376\377\000s\000i\000m\000u\000l\000a\000t\000i\000o\000n\000\137\000a\000p\000i\000.\000s\000i\000m\000u\000l\000a\000t\000i\000o\000n\000.\000s\000i\000m\000u\000l\000a\000t\000i\000o\000n\000s}{paragraph.3.1.1.2.3}% 37
\BOOKMARK [3][-]{subsubsection.3.1.1.3}{\376\377\000S\000u\000b\000m\000o\000d\000u\000l\000e\000s}{subsection.3.1.1}% 38
\BOOKMARK [4][-]{paragraph.3.1.1.3.1}{\376\377\000s\000i\000m\000u\000l\000a\000t\000i\000o\000n\000\137\000A\000P\000I\000.\000c\000o\000n\000f\000i\000g\000\040\000m\000o\000d\000u\000l\000e}{subsubsection.3.1.1.3}% 39
\BOOKMARK [2][-]{subsection.3.1.2}{\376\377\000A\000d\000d\000\040\000a\000\040\000n\000e\000w\000\040\000s\000i\000m\000u\000l\000a\000t\000i\000o\000n}{section.3.1}% 40
\BOOKMARK [3][-]{subsubsection.3.1.2.1}{\376\377\0001\000.\000\040\000A\000d\000d\000\040\000t\000h\000e\000\040\000s\000i\000m\000u\000l\000a\000t\000i\000o\000n\000\040\000t\000o\000\040\000s\000i\000m\000u\000l\000a\000t\000i\000o\000n\000s\000\040\000m\000o\000d\000u\000l\000e}{subsection.3.1.2}% 41
\BOOKMARK [3][-]{subsubsection.3.1.2.2}{\376\377\0002\000.\000\040\000A\000d\000d\000\040\000r\000e\000l\000e\000v\000a\000n\000t\000\040\000s\000c\000h\000e\000m\000a\000s\000\040\000a\000n\000d\000\040\000m\000o\000d\000e\000l\000s\000\040\000t\000o\000\040\000s\000c\000h\000e\000m\000a\000s}{subsection.3.1.2}% 42
\BOOKMARK [3][-]{subsubsection.3.1.2.3}{\376\377\0003\000.\000\040\000A\000d\000d\000\040\000r\000e\000l\000e\000v\000a\000n\000t\000\040\000p\000l\000o\000t\000s\000\040\000t\000o\000\040\000\137\000p\000l\000o\000t\000\137\000s\000o\000l\000u\000t\000i\000o\000n\000\050\000\051}{subsection.3.1.2}% 43
\BOOKMARK [3][-]{subsubsection.3.1.2.4}{\376\377\0004\000.\000\040\000A\000d\000d\000\040\000r\000e\000l\000e\000v\000a\000n\000t\000\040\000f\000o\000r\000m\000\040\000e\000n\000t\000r\000i\000e\000s\000\040\000i\000n\000\040\000f\000r\000o\000n\000t\000e\000n\000d}{subsection.3.1.2}% 44
\BOOKMARK [3][-]{subsubsection.3.1.2.5}{\376\377\0005\000.\000\040\000M\000o\000d\000i\000f\000y\000\040\000r\000e\000s\000u\000l\000t\000s\000.\000h\000t\000m\000l\000\040\000t\000e\000m\000p\000l\000a\000t\000e\000\040\000t\000o\000\040\000s\000h\000o\000w\000\040\000r\000e\000s\000u\000l\000t\000s}{subsection.3.1.2}% 45
\BOOKMARK [0][-]{chapter.4}{\376\377\000I\000n\000d\000i\000c\000e\000s\000\040\000a\000n\000d\000\040\000t\000a\000b\000l\000e\000s}{}% 46
\BOOKMARK [0][-]{chapter.5}{\376\377\000A\000\040\000S\000p\000e\000c\000i\000a\000l\000\040\000A\000k\000n\000o\000w\000l\000e\000d\000g\000e\000m\000e\000n\000t}{}% 47
\BOOKMARK [0][-]{section*.248}{\376\377\000P\000y\000t\000h\000o\000n\000\040\000M\000o\000d\000u\000l\000e\000\040\000I\000n\000d\000e\000x}{}% 48
